
                            < M A T L A B (R) >
                  Copyright 1984-2017 The MathWorks, Inc.
                   R2017a (9.2.0.538062) 64-bit (glnxa64)
                             February 23, 2017

 
For online documentation, see http://www.mathworks.com/support
For product information, visit www.mathworks.com.
 
>> >> >> >> >> >> >> >> >> >> >> >> >> >> >> >> >> >> >> >> >> >> >> >> >> >> 
____________________________________________________________
   Diagnostic Information

Number of variables: 10000

Functions 
Objective and gradient:               brownfgh

Constraints
Nonlinear constraints:                do not exist
 
Number of linear inequality constraints:    0
Number of linear equality constraints:      0
Number of lower bound constraints:          10000
Number of upper bound constraints:          10000

Algorithm selected
   interior-point


____________________________________________________________
   End diagnostic information
____________________________________________________________
   CheckGradients Information

Objective function derivatives:
Maximum relative difference between supplied 
and finite-difference derivatives = 6.54472e-08.

CheckGradients successfully passed.
____________________________________________________________


Local minimum found that satisfies the constraints.

Optimization completed because the objective function is non-decreasing in 
feasible directions, to within the default value of the optimality tolerance,
and constraints are satisfied to within the default value of the constraint tolerance.



>> Elapsed time is 82.666805 seconds.
>> 
obj =

   2.4375e-24

>> 